<?xml version="1.0" encoding="UTF-8"?>
<testng-results skipped="0" failed="0" total="1" passed="1">
  <reporter-output>
  </reporter-output>
  <suite name="test.NewTest" duration-ms="10656" started-at="2020-01-12T06:59:13Z" finished-at="2020-01-12T06:59:24Z">
    <groups>
    </groups>
    <test name="Command line test" duration-ms="10656" started-at="2020-01-12T06:59:13Z" finished-at="2020-01-12T06:59:24Z">
      <class name="test.NewTest">
        <test-method status="PASS" signature="launchBrowser()[pri:0, instance:test.NewTest@566776ad]" name="launchBrowser" duration-ms="10634" started-at="2020-01-12T12:29:13Z" finished-at="2020-01-12T12:29:24Z">
          <reporter-output>
          </reporter-output>
        </test-method> <!-- launchBrowser -->
      </class> <!-- test.NewTest -->
    </test> <!-- Command line test -->
  </suite> <!-- test.NewTest -->
</testng-results>
