<?xml version="1.0" encoding="UTF-8"?>
<testng-results ignored="0" total="1" passed="1" failed="0" skipped="0">
  <reporter-output>
  </reporter-output>
  <suite started-at="2020-01-05T11:24:49 IST" name="Default suite" finished-at="2020-01-05T11:25:02 IST" duration-ms="13036">
    <groups>
    </groups>
    <test started-at="2020-01-05T11:24:49 IST" name="Default test" finished-at="2020-01-05T11:25:02 IST" duration-ms="13036">
      <class name="test.NewTest">
        <test-method signature="launchBrowser()[pri:0, instance:test.NewTest@79ad8b2f]" started-at="2020-01-05T11:24:49 IST" name="launchBrowser" finished-at="2020-01-05T11:25:02 IST" duration-ms="12907" status="PASS">
          <reporter-output>
          </reporter-output>
        </test-method> <!-- launchBrowser -->
      </class> <!-- test.NewTest -->
    </test> <!-- Default test -->
  </suite> <!-- Default suite -->
</testng-results>
